<?xml version="1.0" encoding="UTF-8"?>
<!-- Generated by org.testng.reporters.JUnitReportReporter -->
<testsuite skipped="0" hostname="DESKTOP-3GPVVMI" name="automationTesting.Tricentis_motorcycleinsurance_Entervehicledata_Make_005" tests="1" failures="0" timestamp="2023-01-19T15:01:35 IST" time="0.165" errors="0">
  <testcase name="make" time="0.165" classname="automationTesting.Tricentis_motorcycleinsurance_Entervehicledata_Make_005"/>
  <system-out/>
</testsuite> <!-- automationTesting.Tricentis_motorcycleinsurance_Entervehicledata_Make_005 -->
