<?xml version="1.0" encoding="UTF-8"?>
<!-- Generated by org.testng.reporters.JUnitReportReporter -->
<testsuite skipped="0" hostname="DESKTOP-3GPVVMI" name="notInclude.ZomatoTest" tests="1" failures="0" timestamp="2023-01-20T18:14:19 IST" time="8.990" errors="0">
  <testcase name="openZomato" time="8.990" classname="notInclude.ZomatoTest"/>
  <system-out/>
</testsuite> <!-- notInclude.ZomatoTest -->
