<?xml version="1.0" encoding="UTF-8"?>
<!-- Generated by org.testng.reporters.JUnitReportReporter -->
<testsuite skipped="0" hostname="DESKTOP-3GPVVMI" name="scripts.Tricentis_motorcycleinsurance_Entervehicledata_Make_005_Test" tests="1" failures="0" timestamp="2023-01-20T16:41:04 IST" time="1.505" errors="0">
  <testcase name="make" time="1.505" classname="scripts.Tricentis_motorcycleinsurance_Entervehicledata_Make_005_Test"/>
  <system-out/>
</testsuite> <!-- scripts.Tricentis_motorcycleinsurance_Entervehicledata_Make_005_Test -->
