<?xml version="1.0" encoding="UTF-8"?>
<!-- Generated by org.testng.reporters.JUnitReportReporter -->
<testsuite skipped="1" hostname="Loki" name="scripts.Tricentis_motorcycleinsurance_Entervehicledata_Make_005" tests="1" failures="0" timestamp="2023-01-24T09:07:36 IST" time="0.000" errors="0">
  <testcase name="make" time="0.000" classname="scripts.Tricentis_motorcycleinsurance_Entervehicledata_Make_005">
    <skipped/>
  </testcase> <!-- make -->
  <system-out/>
</testsuite> <!-- scripts.Tricentis_motorcycleinsurance_Entervehicledata_Make_005 -->
