<?xml version="1.0" encoding="UTF-8"?>
<!-- Generated by org.testng.reporters.JUnitReportReporter -->
<testsuite skipped="0" hostname="Loki" name="scripts.TC_001" tests="5" failures="0" timestamp="2023-01-24T10:03:11 IST" time="42.134" errors="0">
  <testcase name="cylinderCapacity" time="8.166" classname="scripts.TC_001"/>
  <system-out/>
  <testcase name="cylinderCapacity" time="8.234" classname="scripts.TC_001"/>
  <system-out/>
  <testcase name="cylinderCapacity" time="7.942" classname="scripts.TC_001"/>
  <system-out/>
  <testcase name="cylinderCapacity" time="9.511" classname="scripts.TC_001"/>
  <system-out/>
  <testcase name="cylinderCapacity" time="8.281" classname="scripts.TC_001"/>
  <system-out/>
</testsuite> <!-- scripts.TC_001 -->
