<?xml version="1.0" encoding="UTF-8"?>
<!-- Generated by org.testng.reporters.JUnitReportReporter -->
<testsuite skipped="1" hostname="Loki" name="scripts.TC_Motorcycle_EnterVehicleData_003_Test" tests="1" failures="0" timestamp="2023-01-26T13:45:29 IST" time="0.000" errors="0">
  <testcase name="cylinderCapacity" time="0.000" classname="scripts.TC_Motorcycle_EnterVehicleData_003_Test">
    <skipped/>
  </testcase> <!-- cylinderCapacity -->
  <system-out/>
</testsuite> <!-- scripts.TC_Motorcycle_EnterVehicleData_003_Test -->
