<?xml version="1.0" encoding="UTF-8"?>
<!-- Generated by org.testng.reporters.JUnitReportReporter -->
<testsuite skipped="0" hostname="Loki" name="scripts.Tricentis_motorcycleinsurance_Entervehicledata_Make_006" tests="17" failures="0" timestamp="2023-01-23T22:04:22 IST" time="2.196" errors="0">
  <testcase name="make" time="0.127" classname="scripts.Tricentis_motorcycleinsurance_Entervehicledata_Make_006"/>
  <system-out/>
  <testcase name="make" time="0.092" classname="scripts.Tricentis_motorcycleinsurance_Entervehicledata_Make_006"/>
  <system-out/>
  <testcase name="make" time="0.244" classname="scripts.Tricentis_motorcycleinsurance_Entervehicledata_Make_006"/>
  <system-out/>
  <testcase name="make" time="0.138" classname="scripts.Tricentis_motorcycleinsurance_Entervehicledata_Make_006"/>
  <system-out/>
  <testcase name="make" time="0.155" classname="scripts.Tricentis_motorcycleinsurance_Entervehicledata_Make_006"/>
  <system-out/>
  <testcase name="make" time="0.095" classname="scripts.Tricentis_motorcycleinsurance_Entervehicledata_Make_006"/>
  <system-out/>
  <testcase name="make" time="0.097" classname="scripts.Tricentis_motorcycleinsurance_Entervehicledata_Make_006"/>
  <system-out/>
  <testcase name="make" time="0.131" classname="scripts.Tricentis_motorcycleinsurance_Entervehicledata_Make_006"/>
  <system-out/>
  <testcase name="make" time="0.151" classname="scripts.Tricentis_motorcycleinsurance_Entervehicledata_Make_006"/>
  <system-out/>
  <testcase name="make" time="0.110" classname="scripts.Tricentis_motorcycleinsurance_Entervehicledata_Make_006"/>
  <system-out/>
  <testcase name="make" time="0.140" classname="scripts.Tricentis_motorcycleinsurance_Entervehicledata_Make_006"/>
  <system-out/>
  <testcase name="make" time="0.118" classname="scripts.Tricentis_motorcycleinsurance_Entervehicledata_Make_006"/>
  <system-out/>
  <testcase name="make" time="0.177" classname="scripts.Tricentis_motorcycleinsurance_Entervehicledata_Make_006"/>
  <system-out/>
  <testcase name="make" time="0.092" classname="scripts.Tricentis_motorcycleinsurance_Entervehicledata_Make_006"/>
  <system-out/>
  <testcase name="make" time="0.091" classname="scripts.Tricentis_motorcycleinsurance_Entervehicledata_Make_006"/>
  <system-out/>
  <testcase name="make" time="0.101" classname="scripts.Tricentis_motorcycleinsurance_Entervehicledata_Make_006"/>
  <system-out/>
  <testcase name="make" time="0.137" classname="scripts.Tricentis_motorcycleinsurance_Entervehicledata_Make_006"/>
  <system-out/>
</testsuite> <!-- scripts.Tricentis_motorcycleinsurance_Entervehicledata_Make_006 -->
