<?xml version="1.0" encoding="UTF-8"?>
<!-- Generated by org.testng.reporters.JUnitReportReporter -->
<testsuite skipped="0" hostname="Loki" name="scripts.TC_Motorcycle_001" tests="5" failures="0" timestamp="2023-01-24T10:32:03 IST" time="32.796" errors="0">
  <testcase name="cylinderCapacity" time="6.045" classname="scripts.TC_Motorcycle_001"/>
  <system-out/>
  <testcase name="cylinderCapacity" time="6.173" classname="scripts.TC_Motorcycle_001"/>
  <system-out/>
  <testcase name="cylinderCapacity" time="7.873" classname="scripts.TC_Motorcycle_001"/>
  <system-out/>
  <testcase name="cylinderCapacity" time="6.429" classname="scripts.TC_Motorcycle_001"/>
  <system-out/>
  <testcase name="cylinderCapacity" time="6.276" classname="scripts.TC_Motorcycle_001"/>
  <system-out/>
</testsuite> <!-- scripts.TC_Motorcycle_001 -->
